[2024-12-09 23:33:14,903][base_page.py 36][INFO]: 定位元素('css selector', 'a[href="#/app/register"]')
[2024-12-09 23:33:15,025][base_page.py 79][INFO]: 点击按钮
[2024-12-09 23:33:15,026][base_page.py 36][INFO]: 定位元素('id', 'jsRegMobile')
[2024-12-09 23:33:15,161][base_page.py 63][INFO]: 输入内容为13800005555
[2024-12-09 23:33:15,161][base_page.py 36][INFO]: 定位元素('id', 'jsSendCode')
[2024-12-09 23:33:15,249][base_page.py 79][INFO]: 点击按钮
[2024-12-09 23:33:15,250][mysql_util.py 24][INFO]: 执行sql:select code from users_verifycode where mobile = 13800005555 order by id limit 1
[2024-12-09 23:33:15,277][mysql_util.py 28][INFO]: sql执行结果None
[2024-12-09 23:36:31,931][base_page.py 36][INFO]: 定位元素('css selector', 'a[href="#/app/register"]')
[2024-12-09 23:36:32,089][base_page.py 79][INFO]: 点击按钮
[2024-12-09 23:36:32,089][base_page.py 36][INFO]: 定位元素('id', 'jsRegMobile')
[2024-12-09 23:36:32,240][base_page.py 63][INFO]: 输入内容为13800005555
[2024-12-09 23:36:32,240][base_page.py 36][INFO]: 定位元素('id', 'jsSendCode')
[2024-12-09 23:36:32,326][base_page.py 79][INFO]: 点击按钮
[2024-12-09 23:36:32,327][mysql_util.py 24][INFO]: 执行sql:select code from users_verifycode where mobile = 13800005555 order by id DESC limit 1
[2024-12-09 23:36:32,355][mysql_util.py 28][INFO]: sql执行结果{'code': '4339'}
[2024-12-09 23:36:32,356][base_page.py 36][INFO]: 定位元素('id', 'jsPhoneRegPwd')
[2024-12-09 23:36:32,468][base_page.py 63][INFO]: 输入内容为123456
[2024-12-09 23:36:32,468][base_page.py 36][INFO]: 定位元素('id', 'jsMobileRegBtn')
[2024-12-09 23:36:32,546][base_page.py 79][INFO]: 点击按钮
[2024-12-09 23:36:32,546][base_page.py 36][INFO]: 定位元素('css selector', 'a[href="#/app/home/member/userinfo"]')
[2024-12-09 23:36:43,057][base_page.py 44][ERROR]: ('css selector', 'a[href="#/app/home/member/userinfo"]')定位失败，错误信息Message: 
Stacktrace:
	GetHandleVerifier [0x00007FF7767A2775+28773]
	(No symbol) [0x00007FF77670AFB0]
	(No symbol) [0x00007FF7765A552A]
	(No symbol) [0x00007FF7765F8EAE]
	(No symbol) [0x00007FF7765F919C]
	(No symbol) [0x00007FF7766423F7]
	(No symbol) [0x00007FF77661EFDF]
	(No symbol) [0x00007FF77663F1A4]
	(No symbol) [0x00007FF77661ED43]
	(No symbol) [0x00007FF7765EA548]
	(No symbol) [0x00007FF7765EB6B1]
	GetHandleVerifier [0x00007FF776ACF45D+3358029]
	GetHandleVerifier [0x00007FF776AE430D+3443709]
	GetHandleVerifier [0x00007FF776AD83FD+3394797]
	GetHandleVerifier [0x00007FF77686929B+842635]
	(No symbol) [0x00007FF77671654F]
	(No symbol) [0x00007FF776711FA4]
	(No symbol) [0x00007FF77671213D]
	(No symbol) [0x00007FF776701629]
	BaseThreadInitThunk [0x00007FFB63A87374+20]
	RtlUserThreadStart [0x00007FFB6541CC91+33]

[2024-12-09 23:36:43,057][base_page.py 46][INFO]: 正在重新定位，当前重试次数:1
[2024-12-09 23:36:43,057][base_page.py 36][INFO]: 定位元素('css selector', 'a[href="#/app/home/member/userinfo"]')
[2024-12-09 23:36:53,612][base_page.py 44][ERROR]: ('css selector', 'a[href="#/app/home/member/userinfo"]')定位失败，错误信息Message: 
Stacktrace:
	GetHandleVerifier [0x00007FF7767A2775+28773]
	(No symbol) [0x00007FF77670AFB0]
	(No symbol) [0x00007FF7765A552A]
	(No symbol) [0x00007FF7765F8EAE]
	(No symbol) [0x00007FF7765F919C]
	(No symbol) [0x00007FF7766423F7]
	(No symbol) [0x00007FF77661EFDF]
	(No symbol) [0x00007FF77663F1A4]
	(No symbol) [0x00007FF77661ED43]
	(No symbol) [0x00007FF7765EA548]
	(No symbol) [0x00007FF7765EB6B1]
	GetHandleVerifier [0x00007FF776ACF45D+3358029]
	GetHandleVerifier [0x00007FF776AE430D+3443709]
	GetHandleVerifier [0x00007FF776AD83FD+3394797]
	GetHandleVerifier [0x00007FF77686929B+842635]
	(No symbol) [0x00007FF77671654F]
	(No symbol) [0x00007FF776711FA4]
	(No symbol) [0x00007FF77671213D]
	(No symbol) [0x00007FF776701629]
	BaseThreadInitThunk [0x00007FFB63A87374+20]
	RtlUserThreadStart [0x00007FFB6541CC91+33]

[2024-12-09 23:55:39,174][base_page.py 36][INFO]: 定位元素('css selector', 'a[href="#/app/register"]')
[2024-12-09 23:55:39,313][base_page.py 79][INFO]: 点击按钮
[2024-12-09 23:55:39,314][base_page.py 36][INFO]: 定位元素('id', 'jsRegMobile')
[2024-12-09 23:55:39,459][base_page.py 63][INFO]: 输入内容为13800005555
[2024-12-09 23:55:39,459][base_page.py 36][INFO]: 定位元素('id', 'jsSendCode')
[2024-12-09 23:55:39,553][base_page.py 79][INFO]: 点击按钮
[2024-12-09 23:55:39,554][mysql_util.py 24][INFO]: 执行sql:select code from users_verifycode where mobile = 13800005555 order by id DESC limit 1
[2024-12-09 23:55:39,582][mysql_util.py 28][INFO]: sql执行结果{'code': '6538'}
[2024-12-09 23:55:39,583][base_page.py 36][INFO]: 定位元素('id', 'jsPhoneRegPwd')
[2024-12-09 23:55:39,698][base_page.py 63][INFO]: 输入内容为123456
[2024-12-09 23:55:39,699][base_page.py 36][INFO]: 定位元素('id', 'jsMobileRegBtn')
[2024-12-09 23:55:39,794][base_page.py 79][INFO]: 点击按钮
[2024-12-09 23:55:39,794][base_page.py 36][INFO]: 定位元素('css selector', 'a[href="#/app/home/member/userinfo"]')
[2024-12-09 23:55:50,305][base_page.py 44][ERROR]: ('css selector', 'a[href="#/app/home/member/userinfo"]')定位失败，错误信息Message: 
Stacktrace:
	GetHandleVerifier [0x00007FF7767A2775+28773]
	(No symbol) [0x00007FF77670AFB0]
	(No symbol) [0x00007FF7765A552A]
	(No symbol) [0x00007FF7765F8EAE]
	(No symbol) [0x00007FF7765F919C]
	(No symbol) [0x00007FF7766423F7]
	(No symbol) [0x00007FF77661EFDF]
	(No symbol) [0x00007FF77663F1A4]
	(No symbol) [0x00007FF77661ED43]
	(No symbol) [0x00007FF7765EA548]
	(No symbol) [0x00007FF7765EB6B1]
	GetHandleVerifier [0x00007FF776ACF45D+3358029]
	GetHandleVerifier [0x00007FF776AE430D+3443709]
	GetHandleVerifier [0x00007FF776AD83FD+3394797]
	GetHandleVerifier [0x00007FF77686929B+842635]
	(No symbol) [0x00007FF77671654F]
	(No symbol) [0x00007FF776711FA4]
	(No symbol) [0x00007FF77671213D]
	(No symbol) [0x00007FF776701629]
	BaseThreadInitThunk [0x00007FFB63A87374+20]
	RtlUserThreadStart [0x00007FFB6541CC91+33]

[2024-12-09 23:55:50,305][base_page.py 46][INFO]: 正在重新定位，当前重试次数:1
[2024-12-09 23:55:50,305][base_page.py 36][INFO]: 定位元素('css selector', 'a[href="#/app/home/member/userinfo"]')
[2024-12-09 23:56:00,838][base_page.py 44][ERROR]: ('css selector', 'a[href="#/app/home/member/userinfo"]')定位失败，错误信息Message: 
Stacktrace:
	GetHandleVerifier [0x00007FF7767A2775+28773]
	(No symbol) [0x00007FF77670AFB0]
	(No symbol) [0x00007FF7765A552A]
	(No symbol) [0x00007FF7765F8EAE]
	(No symbol) [0x00007FF7765F919C]
	(No symbol) [0x00007FF7766423F7]
	(No symbol) [0x00007FF77661EFDF]
	(No symbol) [0x00007FF77663F1A4]
	(No symbol) [0x00007FF77661ED43]
	(No symbol) [0x00007FF7765EA548]
	(No symbol) [0x00007FF7765EB6B1]
	GetHandleVerifier [0x00007FF776ACF45D+3358029]
	GetHandleVerifier [0x00007FF776AE430D+3443709]
	GetHandleVerifier [0x00007FF776AD83FD+3394797]
	GetHandleVerifier [0x00007FF77686929B+842635]
	(No symbol) [0x00007FF77671654F]
	(No symbol) [0x00007FF776711FA4]
	(No symbol) [0x00007FF77671213D]
	(No symbol) [0x00007FF776701629]
	BaseThreadInitThunk [0x00007FFB63A87374+20]
	RtlUserThreadStart [0x00007FFB6541CC91+33]

[2024-12-09 23:57:21,468][base_page.py 36][INFO]: 定位元素('css selector', 'a[href="#/app/register"]')
[2024-12-09 23:57:21,607][base_page.py 79][INFO]: 点击按钮
[2024-12-09 23:57:21,608][base_page.py 36][INFO]: 定位元素('id', 'jsRegMobile')
[2024-12-09 23:57:21,731][base_page.py 63][INFO]: 输入内容为13800005555
[2024-12-09 23:57:21,731][base_page.py 36][INFO]: 定位元素('id', 'jsSendCode')
[2024-12-09 23:57:21,809][base_page.py 79][INFO]: 点击按钮
[2024-12-09 23:57:21,809][mysql_util.py 24][INFO]: 执行sql:select code from users_verifycode where mobile = 13800005555 order by id desc limit 1;
[2024-12-09 23:57:21,838][mysql_util.py 28][INFO]: sql执行结果{'code': '1500'}
[2024-12-09 23:57:21,839][base_page.py 36][INFO]: 定位元素('id', 'jsPhoneRegPwd')
[2024-12-09 23:57:21,934][base_page.py 63][INFO]: 输入内容为123456
[2024-12-09 23:57:21,934][base_page.py 36][INFO]: 定位元素('id', 'jsMobileRegBtn')
[2024-12-09 23:57:22,015][base_page.py 79][INFO]: 点击按钮
[2024-12-09 23:57:22,015][base_page.py 36][INFO]: 定位元素('css selector', 'a[href="#/app/home/member/userinfo"]')
[2024-12-09 23:57:32,545][base_page.py 44][ERROR]: ('css selector', 'a[href="#/app/home/member/userinfo"]')定位失败，错误信息Message: 
Stacktrace:
	GetHandleVerifier [0x00007FF7767A2775+28773]
	(No symbol) [0x00007FF77670AFB0]
	(No symbol) [0x00007FF7765A552A]
	(No symbol) [0x00007FF7765F8EAE]
	(No symbol) [0x00007FF7765F919C]
	(No symbol) [0x00007FF7766423F7]
	(No symbol) [0x00007FF77661EFDF]
	(No symbol) [0x00007FF77663F1A4]
	(No symbol) [0x00007FF77661ED43]
	(No symbol) [0x00007FF7765EA548]
	(No symbol) [0x00007FF7765EB6B1]
	GetHandleVerifier [0x00007FF776ACF45D+3358029]
	GetHandleVerifier [0x00007FF776AE430D+3443709]
	GetHandleVerifier [0x00007FF776AD83FD+3394797]
	GetHandleVerifier [0x00007FF77686929B+842635]
	(No symbol) [0x00007FF77671654F]
	(No symbol) [0x00007FF776711FA4]
	(No symbol) [0x00007FF77671213D]
	(No symbol) [0x00007FF776701629]
	BaseThreadInitThunk [0x00007FFB63A87374+20]
	RtlUserThreadStart [0x00007FFB6541CC91+33]

[2024-12-09 23:57:32,545][base_page.py 46][INFO]: 正在重新定位，当前重试次数:1
[2024-12-09 23:57:32,545][base_page.py 36][INFO]: 定位元素('css selector', 'a[href="#/app/home/member/userinfo"]')
[2024-12-09 23:57:43,055][base_page.py 44][ERROR]: ('css selector', 'a[href="#/app/home/member/userinfo"]')定位失败，错误信息Message: 
Stacktrace:
	GetHandleVerifier [0x00007FF7767A2775+28773]
	(No symbol) [0x00007FF77670AFB0]
	(No symbol) [0x00007FF7765A552A]
	(No symbol) [0x00007FF7765F8EAE]
	(No symbol) [0x00007FF7765F919C]
	(No symbol) [0x00007FF7766423F7]
	(No symbol) [0x00007FF77661EFDF]
	(No symbol) [0x00007FF77663F1A4]
	(No symbol) [0x00007FF77661ED43]
	(No symbol) [0x00007FF7765EA548]
	(No symbol) [0x00007FF7765EB6B1]
	GetHandleVerifier [0x00007FF776ACF45D+3358029]
	GetHandleVerifier [0x00007FF776AE430D+3443709]
	GetHandleVerifier [0x00007FF776AD83FD+3394797]
	GetHandleVerifier [0x00007FF77686929B+842635]
	(No symbol) [0x00007FF77671654F]
	(No symbol) [0x00007FF776711FA4]
	(No symbol) [0x00007FF77671213D]
	(No symbol) [0x00007FF776701629]
	BaseThreadInitThunk [0x00007FFB63A87374+20]
	RtlUserThreadStart [0x00007FFB6541CC91+33]

[2024-12-09 23:59:49,934][base_page.py 36][INFO]: 定位元素('css selector', 'a[href="#/app/register"]')
[2024-12-09 23:59:50,071][base_page.py 79][INFO]: 点击按钮
[2024-12-09 23:59:50,072][base_page.py 36][INFO]: 定位元素('id', 'jsRegMobile')
[2024-12-09 23:59:50,210][base_page.py 63][INFO]: 输入内容为13800005555
[2024-12-09 23:59:50,210][base_page.py 36][INFO]: 定位元素('id', 'jsSendCode')
[2024-12-09 23:59:50,281][base_page.py 79][INFO]: 点击按钮
[2024-12-09 23:59:50,282][mysql_util.py 24][INFO]: 执行sql:select code from users_verifycode where mobile = 13800005555 order by id DESC limit 1
[2024-12-09 23:59:50,316][mysql_util.py 28][INFO]: sql执行结果{'code': '1591'}
[2024-12-09 23:59:50,316][base_page.py 36][INFO]: 定位元素('id', 'jsPhoneRegCaptcha')
[2024-12-09 23:59:50,424][base_page.py 63][INFO]: 输入内容为1591
[2024-12-09 23:59:50,425][base_page.py 36][INFO]: 定位元素('id', 'jsPhoneRegPwd')
[2024-12-09 23:59:50,527][base_page.py 63][INFO]: 输入内容为123456
[2024-12-09 23:59:50,527][base_page.py 36][INFO]: 定位元素('id', 'jsMobileRegBtn')
[2024-12-09 23:59:50,605][base_page.py 79][INFO]: 点击按钮
[2024-12-09 23:59:50,605][base_page.py 36][INFO]: 定位元素('css selector', 'a[href="#/app/home/member/userinfo"]')
[2024-12-10 00:00:01,124][base_page.py 44][ERROR]: ('css selector', 'a[href="#/app/home/member/userinfo"]')定位失败，错误信息Message: 
Stacktrace:
	GetHandleVerifier [0x00007FF7767A2775+28773]
	(No symbol) [0x00007FF77670AFB0]
	(No symbol) [0x00007FF7765A552A]
	(No symbol) [0x00007FF7765F8EAE]
	(No symbol) [0x00007FF7765F919C]
	(No symbol) [0x00007FF7766423F7]
	(No symbol) [0x00007FF77661EFDF]
	(No symbol) [0x00007FF77663F1A4]
	(No symbol) [0x00007FF77661ED43]
	(No symbol) [0x00007FF7765EA548]
	(No symbol) [0x00007FF7765EB6B1]
	GetHandleVerifier [0x00007FF776ACF45D+3358029]
	GetHandleVerifier [0x00007FF776AE430D+3443709]
	GetHandleVerifier [0x00007FF776AD83FD+3394797]
	GetHandleVerifier [0x00007FF77686929B+842635]
	(No symbol) [0x00007FF77671654F]
	(No symbol) [0x00007FF776711FA4]
	(No symbol) [0x00007FF77671213D]
	(No symbol) [0x00007FF776701629]
	BaseThreadInitThunk [0x00007FFB63A87374+20]
	RtlUserThreadStart [0x00007FFB6541CC91+33]

[2024-12-10 00:00:01,124][base_page.py 46][INFO]: 正在重新定位，当前重试次数:1
[2024-12-10 00:00:01,124][base_page.py 36][INFO]: 定位元素('css selector', 'a[href="#/app/home/member/userinfo"]')
[2024-12-10 00:00:11,663][base_page.py 44][ERROR]: ('css selector', 'a[href="#/app/home/member/userinfo"]')定位失败，错误信息Message: 
Stacktrace:
	GetHandleVerifier [0x00007FF7767A2775+28773]
	(No symbol) [0x00007FF77670AFB0]
	(No symbol) [0x00007FF7765A552A]
	(No symbol) [0x00007FF7765F8EAE]
	(No symbol) [0x00007FF7765F919C]
	(No symbol) [0x00007FF7766423F7]
	(No symbol) [0x00007FF77661EFDF]
	(No symbol) [0x00007FF77663F1A4]
	(No symbol) [0x00007FF77661ED43]
	(No symbol) [0x00007FF7765EA548]
	(No symbol) [0x00007FF7765EB6B1]
	GetHandleVerifier [0x00007FF776ACF45D+3358029]
	GetHandleVerifier [0x00007FF776AE430D+3443709]
	GetHandleVerifier [0x00007FF776AD83FD+3394797]
	GetHandleVerifier [0x00007FF77686929B+842635]
	(No symbol) [0x00007FF77671654F]
	(No symbol) [0x00007FF776711FA4]
	(No symbol) [0x00007FF77671213D]
	(No symbol) [0x00007FF776701629]
	BaseThreadInitThunk [0x00007FFB63A87374+20]
	RtlUserThreadStart [0x00007FFB6541CC91+33]

